<?xml version="1.0" encoding="UTF-8"?>
<testng-results skipped="0" failed="0" ignored="0" total="0" passed="0">
  <reporter-output>
  </reporter-output>
  <suite name="com.techfios.POMProject.AppTest" duration-ms="10" started-at="2020-09-19T15:44:52Z" finished-at="2020-09-19T15:44:52Z">
    <groups>
    </groups>
    <test name="Command line test" duration-ms="10" started-at="2020-09-19T15:44:52Z" finished-at="2020-09-19T15:44:52Z">
    </test> <!-- Command line test -->
  </suite> <!-- com.techfios.POMProject.AppTest -->
</testng-results>
